#-----------------------------------------------------------
# Vivado v2019.1 (64-bit)
# SW Build 2552052 on Fri May 24 14:47:09 MDT 2019
# IP Build 2548770 on Fri May 24 18:01:18 MDT 2019
# Start of session at: Wed Jun 14 11:43:07 2023
# Process ID: 109921
# Current directory: /home/manvar00/Downloads/RELEASE_DVD/vivado_designs/zcu104_src_ema/project_2
# Command line: vivado
# Log file: /home/manvar00/Downloads/RELEASE_DVD/vivado_designs/zcu104_src_ema/project_2/vivado.log
# Journal file: /home/manvar00/Downloads/RELEASE_DVD/vivado_designs/zcu104_src_ema/project_2/vivado.jou
#-----------------------------------------------------------
start_gui
open_project /home/manvar00/Downloads/RELEASE_DVD/vivado_designs/zcu104_src_ema/project_2/project_2.xpr
Scanning sources...
Finished scanning sources
WARNING: [filemgmt 56-3] IP Repository Path: Could not find the directory '/home/manvar00/Downloads/workspace/ug871-design-files/ug871-design-files/Using_IP_with_Zynq/lab1/hls_macc/vhls_prj/solution1/impl/ip'.
WARNING: [filemgmt 56-3] IP Repository Path: Could not find the directory '/home/manvar00/Downloads/workspace/ug871-design-files/ug871-design-files/Introduction/lab1/lab1/solution1/impl/ip'.
INFO: [IP_Flow 19-234] Refreshing IP repositories
WARNING: [IP_Flow 19-2248] Failed to load user IP repository '/home/manvar00/Downloads/workspace/ug871-design-files/ug871-design-files/Using_IP_with_Zynq/lab1/hls_macc/vhls_prj/solution1/impl/ip'; Can't find the specified path.
If this directory should no longer be in your list of user repositories, go to the IP Settings dialog and remove it.
WARNING: [IP_Flow 19-2248] Failed to load user IP repository '/home/manvar00/Downloads/workspace/ug871-design-files/ug871-design-files/Introduction/lab1/lab1/solution1/impl/ip'; Can't find the specified path.
If this directory should no longer be in your list of user repositories, go to the IP Settings dialog and remove it.
INFO: [IP_Flow 19-2313] Loaded Vivado IP repository '/Software/xilinx/2019.1-sdx/Vivado/2019.1/data/ip'.
open_project: Time (s): cpu = 00:00:18 ; elapsed = 00:00:24 . Memory (MB): peak = 6559.715 ; gain = 200.336 ; free physical = 3877 ; free virtual = 6831
CRITICAL WARNING: [Common 17-1649] The Vivado message database '/home/manvar00/Downloads/RELEASE_DVD/vivado_designs/zcu104_src_ema/project_2/project_2.runs/Base_Zynq_MPSoC_Measurement_Load_0_1_synth_1/vivado.pb' contains 25265 messages. Restoring all messages from this message database will impact Vivado performance, so only WARNING, CRITICAL WARNING, and ERROR messages will be restored. To restore all messages from this file use the tcl command 'set_param messaging.loadPbLimit 25266' and re-open the project.
launch_sdk -workspace /home/manvar00/Downloads/RELEASE_DVD/vivado_designs/zcu104_src_ema/project_2/project_2.sdk -hwspec /home/manvar00/Downloads/RELEASE_DVD/vivado_designs/zcu104_src_ema/project_2/project_2.sdk/Base_Zynq_MPSoC_wrapper.hdf
INFO: [Vivado 12-393] Launching SDK...
INFO: [Vivado 12-417] Running xsdk -workspace /home/manvar00/Downloads/RELEASE_DVD/vivado_designs/zcu104_src_ema/project_2/project_2.sdk -hwspec /home/manvar00/Downloads/RELEASE_DVD/vivado_designs/zcu104_src_ema/project_2/project_2.sdk/Base_Zynq_MPSoC_wrapper.hdf
INFO: [Vivado 12-3157] SDK launch initiated. Please check console for any further messages.
update_compile_order -fileset sources_1
launch_sdk -workspace /home/manvar00/Downloads/RELEASE_DVD/vivado_designs/zcu104_src_ema/project_2/project_2.sdk -hwspec /home/manvar00/Downloads/RELEASE_DVD/vivado_designs/zcu104_src_ema/project_2/project_2.sdk/Base_Zynq_MPSoC_wrapper.hdf
INFO: [Vivado 12-393] Launching SDK...
INFO: [Vivado 12-417] Running xsdk -workspace /home/manvar00/Downloads/RELEASE_DVD/vivado_designs/zcu104_src_ema/project_2/project_2.sdk -hwspec /home/manvar00/Downloads/RELEASE_DVD/vivado_designs/zcu104_src_ema/project_2/project_2.sdk/Base_Zynq_MPSoC_wrapper.hdf
INFO: [Vivado 12-3157] SDK launch initiated. Please check console for any further messages.
launch_sdk -workspace /home/manvar00/Downloads/RELEASE_DVD/vivado_designs/zcu104_src_ema/project_2/project_2.sdk -hwspec /home/manvar00/Downloads/RELEASE_DVD/vivado_designs/zcu104_src_ema/project_2/project_2.sdk/Base_Zynq_MPSoC_wrapper.hdf
INFO: [Vivado 12-393] Launching SDK...
INFO: [Vivado 12-417] Running xsdk -workspace /home/manvar00/Downloads/RELEASE_DVD/vivado_designs/zcu104_src_ema/project_2/project_2.sdk -hwspec /home/manvar00/Downloads/RELEASE_DVD/vivado_designs/zcu104_src_ema/project_2/project_2.sdk/Base_Zynq_MPSoC_wrapper.hdf
INFO: [Vivado 12-3157] SDK launch initiated. Please check console for any further messages.
